[    0.000000] Linux version 4.15.0-153-generic (buildd@lgw01-amd64-004) (gcc version 7.5.0 (Ubuntu 7.5.0-3ubuntu1~18.04)) #160-Ubuntu SMP Thu Jul 29 06:54:29 UTC 2021 (Ubuntu 4.15.0-153.160-generic 4.15.18)
[    0.000000] Command line: BOOT_IMAGE=/boot/vmlinuz-4.15.0-153-generic root=LABEL=cloudimg-rootfs ro console=tty1 console=ttyS0
[    0.000000] KERNEL supported cpus:
[    0.000000]   Intel GenuineIntel
[    0.000000]   AMD AuthenticAMD
[    0.000000]   Centaur CentaurHauls
[    0.000000] x86/fpu: Supporting XSAVE feature 0x001: 'x87 floating point registers'
[    0.000000] x86/fpu: Supporting XSAVE feature 0x002: 'SSE registers'
[    0.000000] x86/fpu: Supporting XSAVE feature 0x004: 'AVX registers'
[    0.000000] x86/fpu: xstate_offset[2]:  576, xstate_sizes[2]:  256
[    0.000000] x86/fpu: Enabled xstate features 0x7, context size is 832 bytes, using 'standard' format.
[    0.000000] e820: BIOS-provided physical RAM map:
[    0.000000] BIOS-e820: [mem 0x0000000000000000-0x000000000009fbff] usable
[    0.000000] BIOS-e820: [mem 0x000000000009fc00-0x000000000009ffff] reserved
[    0.000000] BIOS-e820: [mem 0x00000000000f0000-0x00000000000fffff] reserved
[    0.000000] BIOS-e820: [mem 0x0000000000100000-0x000000003ffeffff] usable
[    0.000000] BIOS-e820: [mem 0x000000003fff0000-0x000000003fffffff] ACPI data
[    0.000000] BIOS-e820: [mem 0x00000000fec00000-0x00000000fec00fff] reserved
[    0.000000] BIOS-e820: [mem 0x00000000fee00000-0x00000000fee00fff] reserved
[    0.000000] BIOS-e820: [mem 0x00000000fffc0000-0x00000000ffffffff] reserved
[    0.000000] NX (Execute Disable) protection: active
[    0.000000] SMBIOS 2.5 present.
[    0.000000] DMI: innotek GmbH VirtualBox/VirtualBox, BIOS VirtualBox 12/01/2006
[    0.000000] Hypervisor detected: KVM
[    0.000000] e820: last_pfn = 0x3fff0 max_arch_pfn = 0x400000000
[    0.000000] MTRR: Disabled
[    0.000000] x86/PAT: MTRRs disabled, skipping PAT initialization too.
[    0.000000] CPU MTRRs all blank - virtualized system.
[    0.000000] x86/PAT: Configuration [0-7]: WB  WT  UC- UC  WB  WT  UC- UC  
[    0.000000] found SMP MP-table at [mem 0x0009fff0-0x0009ffff]
[    0.000000] Scanning 1 areas for low memory corruption
[    0.000000] RAMDISK: [mem 0x359cd000-0x36cddfff]
[    0.000000] ACPI: Early table checksum verification disabled
[    0.000000] ACPI: RSDP 0x00000000000E0000 000024 (v02 VBOX  )
[    0.000000] ACPI: XSDT 0x000000003FFF0030 00003C (v01 VBOX   VBOXXSDT 00000001 ASL  00000061)
[    0.000000] ACPI: FACP 0x000000003FFF00F0 0000F4 (v04 VBOX   VBOXFACP 00000001 ASL  00000061)
[    0.000000] ACPI: DSDT 0x000000003FFF0470 002325 (v02 VBOX   VBOXBIOS 00000002 INTL 20100528)
[    0.000000] ACPI: FACS 0x000000003FFF0200 000040
[    0.000000] ACPI: FACS 0x000000003FFF0200 000040
[    0.000000] ACPI: APIC 0x000000003FFF0240 00005C (v02 VBOX   VBOXAPIC 00000001 ASL  00000061)
[    0.000000] ACPI: SSDT 0x000000003FFF02A0 0001CC (v01 VBOX   VBOXCPUT 00000002 INTL 20100528)
[    0.000000] ACPI: Reserving FACP table memory at [mem 0x3fff00f0-0x3fff01e3]
[    0.000000] ACPI: Reserving DSDT table memory at [mem 0x3fff0470-0x3fff2794]
[    0.000000] ACPI: Reserving FACS table memory at [mem 0x3fff0200-0x3fff023f]
[    0.000000] ACPI: Reserving FACS table memory at [mem 0x3fff0200-0x3fff023f]
[    0.000000] ACPI: Reserving APIC table memory at [mem 0x3fff0240-0x3fff029b]
[    0.000000] ACPI: Reserving SSDT table memory at [mem 0x3fff02a0-0x3fff046b]
[    0.000000] No NUMA configuration found
[    0.000000] Faking a node at [mem 0x0000000000000000-0x000000003ffeffff]
[    0.000000] NODE_DATA(0) allocated [mem 0x3ffc5000-0x3ffeffff]
[    0.000000] kvm-clock: cpu 0, msr 0:3ff44001, primary cpu clock
[    0.000000] kvm-clock: Using msrs 4b564d01 and 4b564d00
[    0.000000] kvm-clock: using sched offset of 3515241855 cycles
[    0.000000] clocksource: kvm-clock: mask: 0xffffffffffffffff max_cycles: 0x1cd42e4dffb, max_idle_ns: 881590591483 ns
[    0.000000] Zone ranges:
[    0.000000]   DMA      [mem 0x0000000000001000-0x0000000000ffffff]
[    0.000000]   DMA32    [mem 0x0000000001000000-0x000000003ffeffff]
[    0.000000]   Normal   empty
[    0.000000]   Device   empty
[    0.000000] Movable zone start for each node
[    0.000000] Early memory node ranges
[    0.000000]   node   0: [mem 0x0000000000001000-0x000000000009efff]
[    0.000000]   node   0: [mem 0x0000000000100000-0x000000003ffeffff]
[    0.000000] Reserved but unavailable: 104 pages
[    0.000000] Initmem setup node 0 [mem 0x0000000000001000-0x000000003ffeffff]
[    0.000000] ACPI: PM-Timer IO Port: 0x4008
[    0.000000] IOAPIC[0]: apic_id 2, version 32, address 0xfec00000, GSI 0-23
[    0.000000] ACPI: INT_SRC_OVR (bus 0 bus_irq 0 global_irq 2 dfl dfl)
[    0.000000] ACPI: INT_SRC_OVR (bus 0 bus_irq 9 global_irq 9 low level)
[    0.000000] Using ACPI (MADT) for SMP configuration information
[    0.000000] smpboot: Allowing 2 CPUs, 0 hotplug CPUs
[    0.000000] PM: Registered nosave memory: [mem 0x00000000-0x00000fff]
[    0.000000] PM: Registered nosave memory: [mem 0x0009f000-0x0009ffff]
[    0.000000] PM: Registered nosave memory: [mem 0x000a0000-0x000effff]
[    0.000000] PM: Registered nosave memory: [mem 0x000f0000-0x000fffff]
[    0.000000] e820: [mem 0x40000000-0xfebfffff] available for PCI devices
[    0.000000] Booting paravirtualized kernel on KVM
[    0.000000] clocksource: refined-jiffies: mask: 0xffffffff max_cycles: 0xffffffff, max_idle_ns: 7645519600211568 ns
[    0.000000] random: get_random_bytes called from start_kernel+0x99/0x500 with crng_init=0
[    0.000000] setup_percpu: NR_CPUS:8192 nr_cpumask_bits:2 nr_cpu_ids:2 nr_node_ids:1
[    0.000000] percpu: Embedded 45 pages/cpu s147456 r8192 d28672 u1048576
[    0.000000] PV qspinlock hash table entries: 256 (order: 0, 4096 bytes)
[    0.000000] Built 1 zonelists, mobility grouping on.  Total pages: 257913
[    0.000000] Policy zone: DMA32
[    0.000000] Kernel command line: BOOT_IMAGE=/boot/vmlinuz-4.15.0-153-generic root=LABEL=cloudimg-rootfs ro console=tty1 console=ttyS0
[    0.000000] Memory: 982712K/1048120K available (12300K kernel code, 2483K rwdata, 4320K rodata, 2448K init, 2724K bss, 65408K reserved, 0K cma-reserved)
[    0.000000] SLUB: HWalign=64, Order=0-3, MinObjects=0, CPUs=2, Nodes=1
[    0.000000] ftrace: allocating 39460 entries in 155 pages
[    0.004000] Hierarchical RCU implementation.
[    0.004000] 	RCU restricting CPUs from NR_CPUS=8192 to nr_cpu_ids=2.
[    0.004000] 	Tasks RCU enabled.
[    0.004000] RCU: Adjusting geometry for rcu_fanout_leaf=16, nr_cpu_ids=2
[    0.004000] NR_IRQS: 524544, nr_irqs: 440, preallocated irqs: 16
[    0.004000] Console: colour VGA+ 80x25
[    0.004000] console [tty1] enabled
[    0.004000] console [ttyS0] enabled
[    0.004000] ACPI: Core revision 20170831
[    0.004000] ACPI: 2 ACPI AML tables successfully acquired and loaded
[    0.004000] APIC: Switch to symmetric I/O mode setup
[    0.004000] x2apic enabled
[    0.004000] Switched APIC routing to physical x2apic.
[    0.004000] ..TIMER: vector=0x30 apic1=0 pin1=2 apic2=-1 pin2=-1
[    0.004000] tsc: Detected 2399.998 MHz processor
[    0.004008] Calibrating delay loop (skipped) preset value.. 4799.99 BogoMIPS (lpj=9599992)
[    0.005703] pid_max: default: 32768 minimum: 301
[    0.006407] Security Framework initialized
[    0.007020] Yama: becoming mindful.
[    0.008020] AppArmor: AppArmor initialized
[    0.011142] Dentry cache hash table entries: 131072 (order: 8, 1048576 bytes)
[    0.012088] Inode-cache hash table entries: 65536 (order: 7, 524288 bytes)
[    0.013047] Mount-cache hash table entries: 2048 (order: 2, 16384 bytes)
[    0.013984] Mountpoint-cache hash table entries: 2048 (order: 2, 16384 bytes)
[    0.015292] Last level iTLB entries: 4KB 64, 2MB 8, 4MB 8
[    0.016004] Last level dTLB entries: 4KB 64, 2MB 0, 4MB 0, 1GB 4
[    0.017078] Spectre V1 : Mitigation: usercopy/swapgs barriers and __user pointer sanitization
[    0.018602] Spectre V2 : Mitigation: Full generic retpoline
[    0.020004] Spectre V2 : Spectre v2 / SpectreRSB mitigation: Filling RSB on context switch
[    0.021148] Speculative Store Bypass: Vulnerable
[    0.021805] SRBDS: Mitigation: TSX disabled
[    0.022541] Freeing SMP alternatives memory: 36K
[    0.132753] smpboot: CPU0: Intel(R) Core(TM) i5-9300HF CPU @ 2.40GHz (family: 0x6, model: 0x9e, stepping: 0xd)
[    0.134205] Performance Events: unsupported p6 CPU model 158 no PMU driver, software events only.
[    0.135461] Hierarchical SRCU implementation.
[    0.136000] NMI watchdog: Perf event create on CPU 0 failed with -2
[    0.136001] NMI watchdog: Perf NMI watchdog permanently disabled
[    0.136864] smp: Bringing up secondary CPUs ...
[    0.137573] x86: Booting SMP configuration:
[    0.138175] .... node  #0, CPUs:      #1
[    0.004000] kvm-clock: cpu 1, msr 0:3ff44041, secondary cpu clock
[    0.142991] smp: Brought up 1 node, 2 CPUs
[    0.142991] smpboot: Max logical packages: 1
[    0.144005] smpboot: Total of 2 processors activated (9599.99 BogoMIPS)
[    0.145009] devtmpfs: initialized
[    0.145009] x86/mm: Memory block size: 128MB
[    0.145252] evm: security.selinux
[    0.145806] evm: security.SMACK64
[    0.146295] evm: security.SMACK64EXEC
[    0.148002] evm: security.SMACK64TRANSMUTE
[    0.148591] evm: security.SMACK64MMAP
[    0.149126] evm: security.apparmor
[    0.149642] evm: security.ima
[    0.150088] evm: security.capability
[    0.150669] clocksource: jiffies: mask: 0xffffffff max_cycles: 0xffffffff, max_idle_ns: 7645041785100000 ns
[    0.152008] futex hash table entries: 512 (order: 3, 32768 bytes)
[    0.152882] pinctrl core: initialized pinctrl subsystem
[    0.156068] RTC time:  2:54:08, date: 10/22/21
[    0.156851] NET: Registered protocol family 16
[    0.157600] audit: initializing netlink subsys (disabled)
[    0.160006] audit: type=2000 audit(1634871253.467:1): state=initialized audit_enabled=0 res=1
[    0.161525] cpuidle: using governor ladder
[    0.161525] cpuidle: using governor menu
[    0.161525] ACPI: bus type PCI registered
[    0.161969] acpiphp: ACPI Hot Plug PCI Controller Driver version: 0.5
[    0.164092] PCI: Using configuration type 1 for base access
[    0.165088] HugeTLB registered 2.00 MiB page size, pre-allocated 0 pages
[    0.165088] ACPI: Added _OSI(Module Device)
[    0.168011] ACPI: Added _OSI(Processor Device)
[    0.168894] ACPI: Added _OSI(3.0 _SCP Extensions)
[    0.169781] ACPI: Added _OSI(Processor Aggregator Device)
[    0.172005] ACPI: Added _OSI(Linux-Dell-Video)
[    0.172846] ACPI: Added _OSI(Linux-Lenovo-NV-HDMI-Audio)
[    0.173841] ACPI: Added _OSI(Linux-HPI-Hybrid-Graphics)
[    0.175140] ACPI: Executed 1 blocks of module-level executable AML code
[    0.178460] ACPI: Interpreter enabled
[    0.179316] ACPI: (supports S0 S5)
[    0.180003] ACPI: Using IOAPIC for interrupt routing
[    0.180999] PCI: Using host bridge windows from ACPI; if necessary, use "pci=nocrs" and report a bug
[    0.182632] ACPI: Enabled 2 GPEs in block 00 to 07
[    0.190418] ACPI: PCI Root Bridge [PCI0] (domain 0000 [bus 00-ff])
[    0.191490] acpi PNP0A03:00: _OSC: OS supports [ASPM ClockPM Segments MSI]
[    0.192583] acpi PNP0A03:00: _OSC: not requesting OS control; OS requires [ExtendedConfig ASPM ClockPM MSI]
[    0.195125] acpi PNP0A03:00: fail to add MMCONFIG information, can't access extended PCI configuration space under this bridge.
[    0.196374] PCI host bridge to bus 0000:00
[    0.197006] pci_bus 0000:00: root bus resource [io  0x0000-0x0cf7 window]
[    0.198012] pci_bus 0000:00: root bus resource [io  0x0d00-0xffff window]
[    0.200014] pci_bus 0000:00: root bus resource [mem 0x000a0000-0x000bffff window]
[    0.201354] pci_bus 0000:00: root bus resource [mem 0x40000000-0xfdffffff window]
[    0.204007] pci_bus 0000:00: root bus resource [bus 00-ff]
[    0.206721] pci 0000:00:01.1: legacy IDE quirk: reg 0x10: [io  0x01f0-0x01f7]
[    0.208010] pci 0000:00:01.1: legacy IDE quirk: reg 0x14: [io  0x03f6]
[    0.209193] pci 0000:00:01.1: legacy IDE quirk: reg 0x18: [io  0x0170-0x0177]
[    0.210400] pci 0000:00:01.1: legacy IDE quirk: reg 0x1c: [io  0x0376]
[    0.229796] pci 0000:00:07.0: quirk: [io  0x4000-0x403f] claimed by PIIX4 ACPI
[    0.230949] pci 0000:00:07.0: quirk: [io  0x4100-0x410f] claimed by PIIX4 SMB
[    0.238621] ACPI: PCI Interrupt Link [LNKA] (IRQs 5 9 10 *11)
[    0.239719] ACPI: PCI Interrupt Link [LNKB] (IRQs 5 9 *10 11)
[    0.240098] ACPI: PCI Interrupt Link [LNKC] (IRQs 5 *9 10 11)
[    0.240983] ACPI: PCI Interrupt Link [LNKD] (IRQs 5 9 10 *11)
[    0.242257] SCSI subsystem initialized
[    0.243145] pci 0000:00:02.0: vgaarb: setting as boot VGA device
[    0.243145] pci 0000:00:02.0: vgaarb: VGA device added: decodes=io+mem,owns=io+mem,locks=none
[    0.244008] pci 0000:00:02.0: vgaarb: bridge control possible
[    0.244833] vgaarb: loaded
[    0.245290] ACPI: bus type USB registered
[    0.248057] usbcore: registered new interface driver usbfs
[    0.249082] usbcore: registered new interface driver hub
[    0.249831] usbcore: registered new device driver usb
[    0.250817] EDAC MC: Ver: 3.0.0
[    0.252055] PCI: Using ACPI for IRQ routing
[    0.252910] NetLabel: Initializing
[    0.253413] NetLabel:  domain hash size = 128
[    0.254065] NetLabel:  protocols = UNLABELED CIPSOv4 CALIPSO
[    0.254877] NetLabel:  unlabeled traffic allowed by default
[    0.256072] clocksource: Switched to clocksource kvm-clock
[    0.272240] VFS: Disk quotas dquot_6.6.0
[    0.272864] VFS: Dquot-cache hash table entries: 512 (order 0, 4096 bytes)
[    0.273880] AppArmor: AppArmor Filesystem Enabled
[    0.274580] pnp: PnP ACPI init
[    0.275833] pnp: PnP ACPI: found 3 devices
[    0.284069] clocksource: acpi_pm: mask: 0xffffff max_cycles: 0xffffff, max_idle_ns: 2085701024 ns
[    0.285423] NET: Registered protocol family 2
[    0.286413] TCP established hash table entries: 8192 (order: 4, 65536 bytes)
[    0.287434] TCP bind hash table entries: 8192 (order: 5, 131072 bytes)
[    0.290671] TCP: Hash tables configured (established 8192 bind 8192)
[    0.291594] UDP hash table entries: 512 (order: 2, 16384 bytes)
[    0.292449] UDP-Lite hash table entries: 512 (order: 2, 16384 bytes)
[    0.293357] NET: Registered protocol family 1
[    0.294021] pci 0000:00:00.0: Limiting direct PCI/PCI transfers
[    0.294865] pci 0000:00:01.0: Activating ISA DMA hang workarounds
[    0.295754] pci 0000:00:02.0: Video device with shadowed ROM at [mem 0x000c0000-0x000dffff]
[    0.297144] Unpacking initramfs...
[    0.582655] Freeing initrd memory: 19524K
[    0.583594] clocksource: tsc: mask: 0xffffffffffffffff max_cycles: 0x229835b7123, max_idle_ns: 440795242976 ns
[    0.586624] platform rtc_cmos: registered platform RTC device (no PNP device found)
[    0.588402] Scanning for low memory corruption every 60 seconds
[    0.589765] Initialise system trusted keyrings
[    0.590676] Key type blacklist registered
[    0.591611] workingset: timestamp_bits=36 max_order=18 bucket_order=0
[    0.593459] zbud: loaded
[    0.594233] squashfs: version 4.0 (2009/01/31) Phillip Lougher
[    0.595251] fuse init (API version 7.26)
[    0.597668] Key type asymmetric registered
[    0.598605] Asymmetric key parser 'x509' registered
[    0.599628] Block layer SCSI generic (bsg) driver version 0.4 loaded (major 246)
[    0.600754] io scheduler noop registered
[    0.601325] io scheduler deadline registered
[    0.602181] io scheduler cfq registered (default)
[    0.603380] ACPI: AC Adapter [AC] (on-line)
[    0.604070] input: Power Button as /devices/LNXSYSTM:00/LNXPWRBN:00/input/input0
[    0.605333] ACPI: Power Button [PWRF]
[    0.605921] input: Sleep Button as /devices/LNXSYSTM:00/LNXSLPBN:00/input/input1
[    0.607057] ACPI: Sleep Button [SLPF]
[    0.608399] ACPI: Battery Slot [BAT0] (battery present)
[    0.609360] Serial: 8250/16550 driver, 32 ports, IRQ sharing enabled
[    0.630855] 00:02: ttyS0 at I/O 0x3f8 (irq = 4, base_baud = 115200) is a 16550A
[    0.634593] Linux agpgart interface v0.103
[    0.636698] loop: module loaded
[    0.637865] scsi host0: ata_piix
[    0.638592] scsi host1: ata_piix
[    0.639125] ata1: PATA max UDMA/33 cmd 0x1f0 ctl 0x3f6 bmdma 0xd000 irq 14
[    0.640546] ata2: PATA max UDMA/33 cmd 0x170 ctl 0x376 bmdma 0xd008 irq 15
[    0.642213] libphy: Fixed MDIO Bus: probed
[    0.643325] tun: Universal TUN/TAP device driver, 1.6
[    0.644589] PPP generic driver version 2.4.2
[    0.645606] ehci_hcd: USB 2.0 'Enhanced' Host Controller (EHCI) Driver
[    0.646513] ehci-pci: EHCI PCI platform driver
[    0.647182] ehci-platform: EHCI generic platform driver
[    0.648159] ohci_hcd: USB 1.1 'Open' Host Controller (OHCI) Driver
[    0.649153] ohci-pci: OHCI PCI platform driver
[    0.650076] ohci-platform: OHCI generic platform driver
[    0.651184] uhci_hcd: USB Universal Host Controller Interface driver
[    0.652124] i8042: PNP: PS/2 Controller [PNP0303:PS2K,PNP0f03:PS2M] at 0x60,0x64 irq 1,12
[    0.653997] serio: i8042 KBD port at 0x60,0x64 irq 1
[    0.654721] serio: i8042 AUX port at 0x60,0x64 irq 12
[    0.655743] mousedev: PS/2 mouse device common for all mice
[    0.657547] input: AT Translated Set 2 keyboard as /devices/platform/i8042/serio0/input/input2
[    0.659211] rtc_cmos rtc_cmos: rtc core: registered rtc_cmos as rtc0
[    0.660365] rtc_cmos rtc_cmos: alarms up to one day, 114 bytes nvram
[    0.661239] i2c /dev entries driver
[    0.661831] device-mapper: uevent: version 1.0.3
[    0.662568] device-mapper: ioctl: 4.37.0-ioctl (2017-09-20) initialised: dm-devel@redhat.com
[    0.663782] ledtrig-cpu: registered to indicate activity on CPUs
[    0.664940] NET: Registered protocol family 10
[    0.668109] Segment Routing with IPv6
[    0.668675] NET: Registered protocol family 17
[    0.669651] Key type dns_resolver registered
[    0.670626] mce: Using 0 MCE banks
[    0.671157] RAS: Correctable Errors collector initialized.
[    0.671959] sched_clock: Marking stable (670606371, 0)->(807554194, -136947823)
[    0.673636] registered taskstats version 1
[    0.674535] Loading compiled-in X.509 certificates
[    0.676993] Loaded X.509 cert 'Build time autogenerated kernel key: 697c210032c6abbec5653106d7fd766083a73612'
[    0.679432] Loaded X.509 cert 'Canonical Ltd. Live Patch Signing: 14df34d1a87cf37625abec039ef2bf521249b969'
[    0.681363] Loaded X.509 cert 'Canonical Ltd. Kernel Module Signing: 88f752e560a1e0737e31163a466ad7b70a850c19'
[    0.682774] zswap: loaded using pool lzo/zbud
[    0.685789] Key type big_key registered
[    0.686371] Key type trusted registered
[    0.688192] Key type encrypted registered
[    0.688783] AppArmor: AppArmor sha1 policy hashing enabled
[    0.689558] ima: No TPM chip found, activating TPM-bypass! (rc=-19)
[    0.690433] ima: Allocated hash algorithm: sha1
[    0.691098] evm: HMAC attrs: 0x1
[    0.691893]   Magic number: 9:777:915
[    0.692689] rtc_cmos rtc_cmos: setting system clock to 2021-10-22 02:54:09 UTC (1634871249)
[    0.694465] BIOS EDD facility v0.16 2004-Jun-25, 0 devices found
[    0.695481] EDD information not available.
[    0.845688] Freeing unused kernel image memory: 2448K
[    1.128359] Write protecting the kernel read-only data: 20480k
[    1.130595] Freeing unused kernel image memory: 2008K
[    1.132706] Freeing unused kernel image memory: 1824K
[    1.142293] x86/mm: Checked W+X mappings: passed, no W+X pages found.
Loading, please wait...
starting version 237
[    1.209437] Fusion MPT base driver 3.04.20
[    1.210420] Copyright (c) 1999-2008 LSI Corporation
[    1.213130] e1000: Intel(R) PRO/1000 Network Driver - version 7.3.21-k8-NAPI
[    1.214638] e1000: Copyright (c) 1999-2006 Intel Corporation.
[    1.221338] Fusion MPT SPI Host driver 3.04.20
[    1.228981] AVX2 version of gcm_enc/dec engaged.
[    1.229727] AES CTR mode by8 optimization enabled
[    1.417399] input: ImExPS/2 Generic Explorer Mouse as /devices/platform/i8042/serio1/input/input4
[    1.591969] e1000 0000:00:03.0 eth0: (PCI:33MHz:32-bit) 02:bb:09:5e:a9:26
[    1.592947] e1000 0000:00:03.0 eth0: Intel(R) PRO/1000 Network Connection
[    1.594545] mptbase: ioc0: Initiating bringup
[    1.688593] ioc0: LSI53C1030 A0: Capabilities={Initiator}
[    1.930083] scsi host2: ioc0: LSI53C1030 A0, FwRev=00000000h, Ports=1, MaxQ=256, IRQ=20
[    2.097101] scsi 2:0:0:0: Direct-Access     VBOX     HARDDISK         1.0  PQ: 0 ANSI: 5
[    2.148028] scsi target2:0:0: Beginning Domain Validation
[    2.149539] scsi target2:0:0: Domain Validation skipping write tests
[    2.150440] scsi target2:0:0: Ending Domain Validation
[    2.151356] scsi target2:0:0: asynchronous
[    2.152494] scsi 2:0:1:0: Direct-Access     VBOX     HARDDISK         1.0  PQ: 0 ANSI: 5
[    2.447915] scsi target2:0:1: Beginning Domain Validation
[    2.451341] random: fast init done
[    2.451919] scsi target2:0:1: Domain Validation skipping write tests
[    2.452827] scsi target2:0:1: Ending Domain Validation
[    2.453585] scsi target2:0:1: asynchronous
[    2.457138] random: systemd-udevd: uninitialized urandom read (16 bytes read)
[    2.458129] random: systemd-udevd: uninitialized urandom read (16 bytes read)
[    2.459150] random: systemd-udevd: uninitialized urandom read (16 bytes read)
[    2.460533] sd 2:0:0:0: Attached scsi generic sg0 type 0
[    2.460539] sd 2:0:0:0: [sda] 83886080 512-byte logical blocks: (42.9 GB/40.0 GiB)
[    2.461655] sd 2:0:1:0: Attached scsi generic sg1 type 0
[    2.463715] sd 2:0:0:0: [sda] Write Protect is off
[    2.468122] sd 2:0:1:0: [sdb] 20480 512-byte logical blocks: (10.5 MB/10.0 MiB)
[    2.470799] sd 2:0:1:0: [sdb] Write Protect is off
[    2.471563] sd 2:0:0:0: [sda] Incomplete mode parameter data
[    2.472426] sd 2:0:0:0: [sda] Assuming drive cache: write through
[    2.473396] sd 2:0:1:0: [sdb] Incomplete mode parameter data
[    2.474206] sd 2:0:1:0: [sdb] Assuming drive cache: write through
[    2.477167] e1000 0000:00:08.0 eth1: (PCI:33MHz:32-bit) 08:00:27:86:20:8a
[    2.478092] e1000 0000:00:08.0 eth1: Intel(R) PRO/1000 Network Connection
[    2.479792] e1000 0000:00:08.0 enp0s8: renamed from eth1
[    2.481135]  sda: sda1
[    2.482088] sd 2:0:0:0: [sda] Attached SCSI disk
[    2.487917] sd 2:0:1:0: [sdb] Attached SCSI disk
[    2.496870] e1000 0000:00:03.0 enp0s3: renamed from eth0
Begin: Loading essential drivers ... [    3.948032] raid6: sse2x1   gen() 13009 MB/s
[    3.996059] raid6: sse2x1   xor()  7481 MB/s
[    4.044078] raid6: sse2x2   gen() 15785 MB/s
[    4.092074] raid6: sse2x2   xor() 10216 MB/s
[    4.140037] raid6: sse2x4   gen() 17329 MB/s
[    4.188064] raid6: sse2x4   xor() 10215 MB/s
[    4.236074] raid6: avx2x1   gen() 24980 MB/s
[    4.284049] raid6: avx2x1   xor() 11673 MB/s
[    4.332157] raid6: avx2x2   gen() 28914 MB/s
[    4.380060] raid6: avx2x2   xor() 17097 MB/s
[    4.428018] raid6: avx2x4   gen() 33650 MB/s
[    4.476040] raid6: avx2x4   xor() 15969 MB/s
[    4.476670] raid6: using algorithm avx2x4 gen() 33650 MB/s
[    4.477433] raid6: .... xor() 15969 MB/s, rmw enabled
[    4.478680] raid6: using avx2x2 recovery algorithm
[    4.480304] xor: automatically using best checksumming function   avx       
[    4.482661] async_tx: api initialized (async)
done.
Begin: Running /scripts/init-premount ... done.
Begin: Mounting root file system ... Begin: Running /scripts/local-top ... done.
Begin: Running /scripts/local-premount ... [    4.523128] Btrfs loaded, crc32c=crc32c-intel
Scanning for Btrfs filesystems
done.
Warning: fsck not present, so skipping root file system
[    4.547503] EXT4-fs (sda1): mounted filesystem with ordered data mode. Opts: (null)
done.
Begin: Running /scripts/local-bottom ... done.
Begin: Running /scripts/init-bottom ... done.
[    4.715300] ip_tables: (C) 2000-2006 Netfilter Core Team
[    4.722901] systemd[1]: systemd 237 running in system mode. (+PAM +AUDIT +SELINUX +IMA +APPARMOR +SMACK +SYSVINIT +UTMP +LIBCRYPTSETUP +GCRYPT +GNUTLS +ACL +XZ +LZ4 +SECCOMP +BLKID +ELFUTILS +KMOD -IDN2 +IDN -PCRE2 default-hierarchy=hybrid)
[    4.726790] systemd[1]: Detected virtualization oracle.
[    4.727668] systemd[1]: Detected architecture x86-64.

Welcome to [1mUbuntu 18.04.5 LTS[0m!

[    4.733210] systemd[1]: Set hostname to <ubuntu>.
[    4.736379] systemd[1]: Initializing machine ID from random generator.
[    4.737351] systemd[1]: Installed transient /etc/machine-id file.
[    5.007661] systemd[1]: Created slice System Slice.
[[0;32m  OK  [0m] Created slice System Slice.
[    5.020764] systemd[1]: Created slice User and Session Slice.
[[0;32m  OK  [0m] Created slice User and Session Slice.
[    5.032222] systemd[1]: Listening on LVM2 metadata daemon socket.
[[0;32m  OK  [0m] Listening on LVM2 metadata daemon socket.
[    5.034147] systemd[1]: Listening on LVM2 poll daemon socket.
[[0;32m  OK  [0m] Listening on LVM2 poll daemon socket.
[[0;32m  OK  [0m] Listening on udev Kernel Socket.
[[0;32m  OK  [0m] Listening on /dev/initctl Compatibility Named Pipe.
[[0;32m  OK  [0m] Set up automount Arbitrary Executab…rmats File System Automount Point.
[[0;32m  OK  [0m] Reached target Slices.
[[0;32m  OK  [0m] Listening on fsck to fsckd communication Socket.
[[0;32m  OK  [0m] Listening on Journal Audit Socket.
[[0;32m  OK  [0m] Created slice system-serial\x2dgetty.slice.
[[0;32m  OK  [0m] Listening on Syslog Socket.
[[0;32m  OK  [0m] Listening on Network Service Netlink Socket.
[[0;32m  OK  [0m] Listening on Journal Socket (/dev/log).
[[0;32m  OK  [0m] Listening on Journal Socket.
         Starting Load Kernel Modules...
         Starting Uncomplicated firewall...
         Mounting Huge Pages File System...
         Mounting POSIX Message Queue File System...
         Starting File System Check on Root Device...
         Starting Set the console keyboard layout...
[[0;32m  OK  [0m] Reached target User and Group Name Lookups.
[    5.361768] Loading iSCSI transport class v2.0-870.
         Mounting Kernel Debug File System...
[    5.369791] iscsi: registered transport (tcp)
[[0;32m  OK  [0m] Listening on udev Control Socket.
         Starting udev Coldplug all Devices...
         Starting Create list of required st…ce nodes for the current kernel...
[[0;32m  OK  [0m] Listening on Device-mapper event daemon FIFOs.
         Starting Monitoring of LVM2 mirrors…ng dmeventd or progress polling...
[[0;32m  OK  [0m] Reached target System Time Synchronized.
         Starting Journal Service...
[[0;32m  OK  [0m] Started Forward Password Requests to Wall Directory Watch.
[    5.511358] iscsi: registered transport (iser)
[[0;32m  OK  [0m] Reached target Swap.
[[0;32m  OK  [0m] Started Load Kernel Modules.
[[0;32m  OK  [0m] Started Create list of required sta…vice nodes for the current kernel.
[[0;32m  OK  [0m] Started File System Check Daemon to report status.
         Starting Create Static Device Nodes in /dev...
         Mounting FUSE Control File System...
         Starting Apply Kernel Variables...
         Mounting Kernel Configuration File System...
[[0;32m  OK  [0m] Started Uncomplicated firewall.
[[0;32m  OK  [0m] Mounted Huge Pages File System.
[[0;32m  OK  [0m] Mounted POSIX Message Queue File System.
[[0;32m  OK  [0m] Started Journal Service.
[[0;32m  OK  [0m] Mounted Kernel Debug File System.
[[0;32m  OK  [0m] Started udev Coldplug all Devices.
[[0;32m  OK  [0m] Mounted FUSE Control File System.
[[0;32m  OK  [0m] Started Create Static Device Nodes in /dev.
[[0;32m  OK  [0m] Mounted Kernel Configuration File System.
[[0;32m  OK  [0m] Started File System Check on Root Device.
         Starting Remount Root and Kernel File Systems...
[[0;32m  OK  [0m] Started LVM2 metadata daemon.
[[0;32m  OK  [0m] Started Apply Kernel Variables.
[[0;32m  OK  [0m] Started Remount Root and Kernel File Systems.
[[0;32m  OK  [0m] Started Monitoring of LVM2 mirrors,…sing dmeventd or progress polling.
         Starting Load/Save Random Seed...
         Starting Flush Journal to Persistent Storage...
         Starting udev Kernel Device Manager...
[[0;32m  OK  [0m] Started Set the console keyboard layout.
[[0;32m  OK  [0m] Started Load/Save Random Seed.
[[0;32m  OK  [0m] Reached target Local File Systems (Pre).
[[0;32m  OK  [0m] Reached target Local File Systems.
         Starting ebtables ruleset management...
         Starting AppArmor initialization...
         Starting Commit a transient machine-id on disk...
         Starting Set console font and keymap...
         Starting Tell Plymouth To Write Out Runtime Data...
[[0;32m  OK  [0m] Started udev Kernel Device Manager.
[[0;32m  OK  [0m] Started Dispatch Password Requests to Console Directory Watch.
[[0;32m  OK  [0m] Reached target Local Encrypted Volumes.
[[0;32m  OK  [0m] Started Tell Plymouth To Write Out Runtime Data.
[[0;32m  OK  [0m] Started Set console font and keymap.
[[0;32m  OK  [0m] Started Flush Journal to Persistent Storage.
         Starting Create Volatile Files and Directories...
[[0;32m  OK  [0m] Started Commit a transient machine-id on disk.
[[0;32m  OK  [0m] Started Create Volatile Files and Directories.
         Starting Update UTMP about System Boot/Shutdown...
[[0;32m  OK  [0m] Started Update UTMP about System Boot/Shutdown.
[[0;32m  OK  [0m] Started ebtables ruleset management.
[[0;32m  OK  [0m] Found device /dev/ttyS0.
[[0;32m  OK  [0m] Listening on Load/Save RF Kill Switch Status /dev/rfkill Watch.
[[0;32m  OK  [0m] Started AppArmor initialization.
         Starting Initial cloud-init job (pre-networking)...
         Starting Load AppArmor profiles managed internally by snapd...
[[0;32m  OK  [0m] Started Load AppArmor profiles managed internally by snapd.
[    7.719949] cloud-init[564]: Cloud-init v. 21.2-3-g899bfaa9-0ubuntu2~18.04.1 running 'init-local' at Fri, 22 Oct 2021 02:54:16 +0000. Up 7.42 seconds.
[[0;32m  OK  [0m] Started Initial cloud-init job (pre-networking).
[[0;32m  OK  [0m] Reached target Network (Pre).
         Starting Network Service...
[[0;32m  OK  [0m] Started Network Service.
         Starting Network Name Resolution...
         Starting Wait for Network to be Configured...
[[0;32m  OK  [0m] Started Network Name Resolution.
[[0;32m  OK  [0m] Reached target Host and Network Name Lookups.
[[0;32m  OK  [0m] Reached target Network.
[[0;32m  OK  [0m] Started Wait for Network to be Configured.
         Starting Initial cloud-init job (metadata service crawler)...
[    9.992890] cloud-init[709]: Cloud-init v. 21.2-3-g899bfaa9-0ubuntu2~18.04.1 running 'init' at Fri, 22 Oct 2021 02:54:18 +0000. Up 9.87 seconds.
[    9.993826] cloud-init[709]: ci-info: ++++++++++++++++++++++++++++++++++++++Net device info++++++++++++++++++++++++++++++++++++++
[   10.004209] cloud-init[709]: ci-info: +--------+-------+---------------------------+---------------+--------+-------------------+
[   10.024006] cloud-init[709]: ci-info: | Device |   Up  |          Address          |      Mask     | Scope  |     Hw-Address    |
[   10.036692] cloud-init[709]: ci-info: +--------+-------+---------------------------+---------------+--------+-------------------+
[   10.048122] cloud-init[709]: ci-info: | enp0s3 |  True |         10.0.2.15         | 255.255.255.0 | global | 02:bb:09:5e:a9:26 |
[   10.060174] cloud-init[709]: ci-info: | enp0s3 |  True | fe80::bb:9ff:fe5e:a926/64 |       .       |  link  | 02:bb:09:5e:a9:26 |
[   10.072168] cloud-init[709]: ci-info: | enp0s8 | False |             .             |       .       |   .    | 08:00:27:86:20:8a |
[   10.072796] cloud-init[709]: ci-info: |   lo   |  True |         127.0.0.1         |   255.0.0.0   |  host  |         .         |
[   10.073609] cloud-init[709]: ci-info: |   lo   |  True |          ::1/128          |       .       |  host  |         .         |
[   10.074754] cloud-init[709]: ci-info: +--------+-------+---------------------------+---------------+--------+-------------------+
[   10.075896] cloud-init[709]: ci-info: ++++++++++++++++++++++++++++Route IPv4 info+++++++++++++++++++++++++++++
[   10.076885] cloud-init[709]: ci-info: +-------+-------------+----------+-----------------+-----------+-------+
[   10.077836] cloud-init[709]: ci-info: | Route | Destination | Gateway  |     Genmask     | Interface | Flags |
[   10.078840] cloud-init[709]: ci-info: +-------+-------------+----------+-----------------+-----------+-------+
[   10.079781] cloud-init[709]: ci-info: |   0   |   0.0.0.0   | 10.0.2.2 |     0.0.0.0     |   enp0s3  |   UG  |
[   10.080793] cloud-init[709]: ci-info: |   1   |   10.0.2.0  | 0.0.0.0  |  255.255.255.0  |   enp0s3  |   U   |
[   10.081697] cloud-init[709]: ci-info: |   2   |   10.0.2.2  | 0.0.0.0  | 255.255.255.255 |   enp0s3  |   UH  |
[   10.082759] cloud-init[709]: ci-info: +-------+-------------+----------+-----------------+-----------+-------+
[   10.083735] cloud-init[709]: ci-info: +++++++++++++++++++Route IPv6 info+++++++++++++++++++
[   10.102061] cloud-init[709]: ci-info: +-------+-------------+---------+-----------+-------+
[   10.102638] cloud-init[709]: ci-info: | Route | Destination | Gateway | Interface | Flags |
[   10.103118] cloud-init[709]: ci-info: +-------+-------------+---------+-----------+-------+
[   10.103950] cloud-init[709]: ci-info: |   1   |  fe80::/64  |    ::   |   enp0s3  |   U   |
[   10.104752] cloud-init[709]: ci-info: |   3   |    local    |    ::   |   enp0s3  |   U   |
[   10.105552] cloud-init[709]: ci-info: |   4   |   ff00::/8  |    ::   |   enp0s3  |   U   |
[   10.106352] cloud-init[709]: ci-info: +-------+-------------+---------+-----------+-------+
[   12.154575] cloud-init[709]: Generating public/private rsa key pair.
[   12.155141] cloud-init[709]: Your identification has been saved in /etc/ssh/ssh_host_rsa_key.
[   12.168227] cloud-init[709]: Your public key has been saved in /etc/ssh/ssh_host_rsa_key.pub.
[   12.186309] cloud-init[709]: The key fingerprint is:
[   12.197146] cloud-init[709]: SHA256:LirVp4Whkj1AEvXpx6l5/+VfZEok9M7v92VKRLAdsbQ root@ubuntu-bionic
[[0;32m  OK  [0m] [   12.208828] Started Initial cloud-init job (metadata service crawler).cloud-init
[709]: The key's randomart image is:
[   12.209910] cloud-init[709]: +---[RSA 2048]----+
[   12.210513] cloud-init[709]: |.o.         o +. |
[   12.211064] cloud-init[709]: |. .. .     . * + |
[[0;32m  OK  [0m[   12.211632] cloud-init[709]: | o  o       o E  |
[   12.211862] cloud-init[709]: |  .. ...     *   |
[   12.212407] cloud-init[709]: |   +.o+oS     = o|
[   12.212866] cloud-init[709]: |  o =+o.o    o = |
[   12.213139] cloud-init[709]: |   oo.o+.   . o =|
[   12.213273] cloud-init[709]: |  .  o.o   o . =o|
] Reached target Cloud-config availability.
[   12.213346] cloud-init[709]: |   ..   ... ..o =|
[[   12.215003] cloud-init[709]: +----[SHA256]-----+
[   12.215046] cloud-init[709]: Generating public/private dsa key pair.
[   12.215407] cloud-init[709]: Your identification has been saved in /etc/ssh/ssh_host_dsa_key.
[   12.215659] cloud-init[709]: Your public key has been saved in /etc/ssh/ssh_host_dsa_key.pub.
[   12.216166] cloud-init[709]: The key fingerprint is:
[   12.216539] cloud-init[709]: SHA256:oISGwg0dXHrDbGeLk7Zl7AbmgBACY5Mfj4jxYa9r0Ec root@ubuntu-bionic
[   12.216867] cloud-init[709]: The key's randomart image is:
[   12.217100] cloud-init[709]: +---[DSA 1024]----+
[   12.217476] cloud-init[709]: |*++.o.           |
[   12.217826] cloud-init[709]: |==*=+            |
[   12.218174] cloud-init[709]: |=====*.o         |
[   12.218533] cloud-init[709]: |+oo+EoB..        |
[   12.218885] cloud-init[709]: | o +.B =S        |
[   12.219224] cloud-init[709]: |. o * B          |
[   12.219589] cloud-init[709]: | . o o o         |
[   12.219924] cloud-init[709]: |  o   .          |
[   12.220289] cloud-init[709]: | .               |
[   12.220642] cloud-init[709]: +----[SHA256]-----+
[   12.220986] cloud-init[709]: Generating public/private ecdsa key pair.
[   12.221347] cloud-init[709]: Your identification has been saved in /etc/ssh/ssh_host_ecdsa_key.
[   12.221689] cloud-init[709]: Your public key has been saved in /etc/ssh/ssh_host_ecdsa_key.pub.
[   12.221922] cloud-init[709]: The key fingerprint is:
[   12.222161] cloud-init[709]: SHA256:gebuTfLPNdAsUsyqTVj2KFzQS2Kz5AjT86i070kg7Vc root@ubuntu-bionic
[   12.222428] cloud-init[709]: The key's randomart image is:
[   12.222729] cloud-init[709]: +---[ECDSA 256]---+
[   12.222842] cloud-init[709]: |   .  ..         |
[0;32m  OK  [0m] [   12.222868] cloud-init[709]: |  o o =ooo       |
[   12.228242] cloud-init[709]: |   o Oo==.+      |
[   12.228573] cloud-init[709]: | .. o++=.* o     |
[   12.228803] cloud-init[709]: |..oo  E S + o    |
[   12.229172] cloud-init[709]: | oo. o = . o     |
[   12.229393] cloud-init[709]: |  ..o + o   o    |
[   12.229745] cloud-init[709]: |   o.o = . . .   |
[   12.230118] cloud-init[709]: |   .o . o.o      |
[   12.230470] cloud-init[709]: +----[SHA256]-----+
[   12.230695] cloud-init[709]: Generating public/private ed25519 key pair.
[   12.231047] cloud-init[709]: Your identification has been saved in /etc/ssh/ssh_host_ed25519_key.
Reached target System Initialization.
[   12.231122] cloud-init[709]: Your public key has been saved in /etc/ssh/ssh_host_ed25519_key.pub.
[   12.231486] cloud-init[709]: The key fingerprint is:
[   12.231720] cloud-init[709]: SHA256:UVWU0uKWYmPuxs207bT8CVjlI+UIV3VEtpfGonfCXus root@ubuntu-bionic
[   12.234766] cloud-init[709]: The key's randomart image is:
[   12.234823] cloud-init[709]: +--[ED25519 256]--+
[   12.235211] cloud-init[709]: |          ...+o=B|
[   12.235437] cloud-init[709]: |         .  o =.+|
[   12.235796] cloud-init[709]: |        .  o * B.|
[   12.236251] cloud-init[709]: |         .= O O .|
[   12.236479] cloud-init[709]: |        S+ = B * |
[   12.236715] cloud-init[709]: |          . * = o|
[   12.236826] cloud-init[709]: |         o = =.. |
[   12.237115] cloud-init[709]: |          + +o+..|
[   12.237374] cloud-init[709]: |         .   .+E.|
[   12.237548] cloud-init[709]: +----[SHA256]-----+
[[0;32m  OK  [0m] Started Daily apt download activities.
[[0;32m  OK  [0m] Listening on D-Bus System Message Bus Socket.
[[0;32m  OK  [0m] Started ACPI Events Check.
[[0;32m  OK  [0m] Listening on UUID daemon activation socket.
[[0;32m  OK  [0m] Started Daily Cleanup of Temporary Directories.
[[0;32m  OK  [0m] Reached target Paths.
[[0;32m  OK  [0m] Started Message of the Day.
[[0;32m  OK  [0m] Started Daily apt upgrade and clean activities.
         Starting Socket activation for snappy daemon.
[[0;32m  OK  [0m] Started Ubuntu Advantage update messaging.
         Starting LXD - unix socket.
[[0;32m  OK  [0m] Listening on ACPID Listen Socket.
[[0;32m  OK  [0m] Started Discard unused blocks once a week.
[[0;32m  OK  [0m] Reached target Timers.
[[0;32m  OK  [0m] Listening on Open-iSCSI iscsid Socket.
[[0;32m  OK  [0m] Reached target Network is Online.
[[0;32m  OK  [0m] Reached target Remote File Systems (Pre).
[[0;32m  OK  [0m] Reached target Remote File Systems.
         Starting Availability of block devices...
[[0;32m  OK  [0m] Listening on Socket activation for snappy daemon.
[[0;32m  OK  [0m] Listening on LXD - unix socket.
[[0;32m  OK  [0m] Started Availability of block devices.
[[0;32m  OK  [0m] Reached target Sockets.
[[0;32m  OK  [0m] Reached target Basic System.
[[0;32m  OK  [0m] Started Regular background program processing daemon.
[[0;32m  OK  [0m] Started irqbalance daemon.
         Starting System Logging Service...
         Starting Permit User Sessions...
         Starting LSB: Record successful boot for GRUB...
         Starting Accounts Service...
[[0;32m  OK  [0m] Started Deferred execution scheduler.
[[0;32m  OK  [0m] Started FUSE filesystem for LXC.
         Starting Dispatcher daemon for systemd-networkd...
         Starting Snap Daemon...
[[0;32m  OK  [0m] Started D-Bus System Message Bus.
         Starting Virtualbox guest utils...
         Starting Login Service...
         Starting LXD - container startup/shutdown...
         Starting Pollinate to seed the pseudo random number generator...
         Starting LSB: automatic crash report generation...
[[0;32m  OK  [0m] Started System Logging Service.
[[0;32m  OK  [0m] Started Permit User Sessions.
[[0;32m  OK  [0m] Started Login Service.
[[0;32m  OK  [0m] Started Unattended Upgrades Shutdown.
         Starting Authorization Manager...
         Starting Terminate Plymouth Boot Screen...
         Starting Hold until boot process finishes up...
[[0;32m  OK  [0m] Started Hold until boot process finishes up.
[[0;32m  OK  [0m] Started Terminate Plymouth Boot Screen.
[[0;32m  OK  [0m] Started Serial Getty on ttyS0.
         Starting Set console scheme...
[[0;32m  OK  [0m] Started Set console scheme.
[[0;32m  OK  [0m] Created slice system-getty.slice.
[[0;32m  OK  [0m] Started Getty on tty1.
[[0;32m  OK  [0m] Reached target Login Prompts.
[[0;32m  OK  [0m] Started LSB: Record successful boot for GRUB.
[[0;32m  OK  [0m] Started Dispatcher daemon for systemd-networkd.
[[0;32m  OK  [0m] Started LSB: automatic crash report generation.
[[0;32m  OK  [0m] Started Authorization Manager.
[[0;32m  OK  [0m] Started Accounts Service.
[[0;32m  OK  [0m] Started Virtualbox guest utils.
[[0;32m  OK  [0m] Started LXD - container startup/shutdown.
[[0;32m  OK  [0m] Started Snap Daemon.
         Starting Wait until snapd is fully seeded...
[[0;32m  OK  [0m] Started Pollinate to seed the pseudo random number generator.
         Starting OpenBSD Secure Shell server...
[[0;32m  OK  [0m] Started OpenBSD Secure Shell server.
[[0;32m  OK  [0m] Created slice User Slice of vagrant.
         Starting User Manager for UID 1000...
[[0;32m  OK  [0m] Started Session 1 of user vagrant.
[[0;32m  OK  [0m] Started User Manager for UID 1000.
[[0;32m  OK  [0m] Started Wait until snapd is fully seeded.
         Starting Apply the settings specified in cloud-config...
[[0;32m  OK  [0m] Reached target Multi-User System.
[[0;32m  OK  [0m] Reached target Graphical Interface.
         Starting Update UTMP about System Runlevel Changes...
[[0;32m  OK  [0m] Started Update UTMP about System Runlevel Changes.

Ubuntu 18.04.5 LTS ubuntu-bionic ttyS0

ubuntu-bionic login: [   19.436664] cloud-init[1341]: Cloud-init v. 21.2-3-g899bfaa9-0ubuntu2~18.04.1 running 'modules:config' at Fri, 22 Oct 2021 02:54:25 +0000. Up 16.69 seconds.
ci-info: no authorized SSH keys fingerprints found for user ubuntu.
<14>Oct 22 02:54:28 cloud-init: #############################################################
<14>Oct 22 02:54:28 cloud-init: -----BEGIN SSH HOST KEY FINGERPRINTS-----
<14>Oct 22 02:54:28 cloud-init: 1024 SHA256:oISGwg0dXHrDbGeLk7Zl7AbmgBACY5Mfj4jxYa9r0Ec root@ubuntu-bionic (DSA)
<14>Oct 22 02:54:28 cloud-init: 256 SHA256:gebuTfLPNdAsUsyqTVj2KFzQS2Kz5AjT86i070kg7Vc root@ubuntu-bionic (ECDSA)
<14>Oct 22 02:54:28 cloud-init: 256 SHA256:UVWU0uKWYmPuxs207bT8CVjlI+UIV3VEtpfGonfCXus root@ubuntu-bionic (ED25519)
<14>Oct 22 02:54:28 cloud-init: 2048 SHA256:LirVp4Whkj1AEvXpx6l5/+VfZEok9M7v92VKRLAdsbQ root@ubuntu-bionic (RSA)
<14>Oct 22 02:54:28 cloud-init: -----END SSH HOST KEY FINGERPRINTS-----
<14>Oct 22 02:54:28 cloud-init: #############################################################
-----BEGIN SSH HOST KEY KEYS-----
ecdsa-sha2-nistp256 AAAAE2VjZHNhLXNoYTItbmlzdHAyNTYAAAAIbmlzdHAyNTYAAABBBC9Ip8+bCryTO41IPCLeJYuGk48UscMHrtpiIKC0C8APAVzU2mzAxrNud8dMkjjTl4iD34XPmWvux06FzP2yjv8= root@ubuntu-bionic
ssh-ed25519 AAAAC3NzaC1lZDI1NTE5AAAAIKtgqS4pl9pVOyZsTU7H/OwwBQCMQmF19JGa41t46DIc root@ubuntu-bionic
ssh-rsa AAAAB3NzaC1yc2EAAAADAQABAAABAQCxzFaM9CkzfdRa79TADMxmQrwPybLH4X+SitXvxZn+4UOAVjGnPf1fIvxBuCJLABsxxP1kBMy8081QqDS/kruZ0/X8zXiXN2/21s3CtQbW20Kit+h5leL0Wxmy5RCHKJsxrgyOmrnLWtu2tXunx39SBCbutoDuJEaFKnz54OaqSxZf7YgA17aXoN6PinGsXkoKsujtiEYPP8LszahVgZJwlcYajqQmPhjkzjTvftTqQeDXbSoEizO3rvx5IujggFYqWoIsJnOBlfPQQ2+KhbAeH5kD99U4HHRj5rcxOUR5QEfKll04CJA8i2e6VYD4Lr0AJKe13jW4ohphqPI3cG2b root@ubuntu-bionic
-----END SSH HOST KEY KEYS-----
[   20.123387] cloud-init[1499]: Cloud-init v. 21.2-3-g899bfaa9-0ubuntu2~18.04.1 running 'modules:final' at Fri, 22 Oct 2021 02:54:28 +0000. Up 19.72 seconds.
[   20.123476] cloud-init[1499]: ci-info: no authorized SSH keys fingerprints found for user ubuntu.
[   20.123526] cloud-init[1499]: Cloud-init v. 21.2-3-g899bfaa9-0ubuntu2~18.04.1 finished at Fri, 22 Oct 2021 02:54:28 +0000. Datasource DataSourceNoCloud [seed=/dev/sdb][dsmode=net].  Up 20.11 seconds
         Stopping Availability of block devices...
[[0;32m  OK  [0m] Stopped target Cloud-init target.
         Stopping Authorization Manager...
         Stopping User Manager for UID 1000...
[[0;32m  OK  [0m] Closed Load/Save RF Kill Switch Status /dev/rfkill Watch.
[[0;32m  OK  [0m] Stopped Execute cloud user/final scripts.
[[0;32m  OK  [0m] Stopped target Host and Network Name Lookups.
         Stopping Session 8 of user vagrant.
         Stopping Daemon for generating UUIDs...
[[0;32m  OK  [0m] Stopped target Graphical Interface.
         Stopping Accounts Service...
[[0;32m  OK  [0m] Stopped target Multi-User System.
         Stopping irqbalance daemon...
         Stopping D-Bus System Message Bus...
         Stopping Dispatcher daemon for systemd-networkd...
         Stopping LXD - container startup/shutdown...
         Stopping Virtualbox guest utils...
         Stopping Deferred execution scheduler...
         Stopping OpenBSD Secure Shell server...
         Stopping System Logging Service...
         Stopping LSB: automatic crash report generation...
[[0;32m  OK  [0m] Stopped target Login Prompts.
[[0;32m  OK  [0m] Stopped target Timers.
[[0;32m  OK  [0m] Stopped Daily apt upgrade and clean activities.
[[0;32m  OK  [0m] Stopped Message of the Day.
[[0;32m  OK  [0m] Stopped Ubuntu Advantage update messaging.
[[0;32m  OK  [0m] Stopped Discard unused blocks once a week.
[[0;32m  OK  [0m] Stopped Daily apt download activities.
[[0;32m  OK  [0m] Stopped target System Time Synchronized.
         Stopping Getty on tty1...
         Stopping LSB: Record successful boot for GRUB...
[[0;32m  OK  [0m] Stopped Apply the settings specified in cloud-config.
[[0;32m  OK  [0m] Stopped target Cloud-config availability.
[[0;32m  OK  [0m] Stopped Wait until[[0;32m  OK  [0m] Stopped Regular background program processing daemon.
[[0;32m  OK  [0m] Stopped irqbalance daemon.
[[0;32m  OK  [0m] Unmounted /var/lib/lxcfs.
[[0;32m  OK  [0m] Stopped System Logging Service.
[[0;32m  OK  [0m] Stopped Accounts Service.
[[0;32m  OK  [0m] Stopped Deferred execution scheduler.
[[0;32m  OK  [0m] Stopped Dispatcher daemon for systemd-networkd.
[[0;32m  OK  [0m] Stopped Serial Getty on ttyS0.
[[0;32m  OK  [0m] Stopped Getty on tty1.
[[0;32m  OK  [0m] Stopped Authorization Manager.
[[0;32m  OK  [0m] Stopped OpenBSD Secure Shell server.
[[0;32m  OK  [0m] Stopped Daemon for generating UUIDs.
[[0;32m  OK  [0m] Stopped User Manager for UID 1000.
[[0;32m  OK  [0m] Stopped Availability of block devices.
[[0;32m  OK  [0m] Stopped D-Bus System Message Bus.
[[0;32m  OK  [0m] Stopped FUSE filesystem for LXC.
[[0;32m  OK  [0m] Stopped Session 8 of user vagrant.
[[0;32m  OK  [0m] Removed slice User Slice of vagrant.
         Stopping Login Service...
[[0;32m  OK  [0m] Removed slice system-getty.slice.
         Stopping Permit User Sessions...
[[0;32m  OK  [0m] Removed slice system-serial\x2dgetty.slice.
[[0;32m  OK  [0m] Stopped LXD - container startup/shutdown.
[[0;32m  OK  [0m] Stopped LSB: automatic crash report generation.
[[0;32m  OK  [0m] Stopped LSB: Record successful boot for GRUB.
[[0;32m  OK  [0m] Stopped Virtualbox guest utils.
[[0;32m  OK  [0m] Stopped Permit User Sessions.
[[0;32m  OK  [0m] Stopped target Remote File Systems.
[[0;32m  OK  [0m] Stopped Login Service.
[[0;32m  OK  [0m] Stopped target User and Group Name Lookups.
[[0;32m  OK  [0m] Stopped target Basic System.
[[0;32m  OK  [0m] Stopped target Sockets.
[[0;32m  OK  [0m] Closed Open-iSCSI iscsid Socket.
[[0;32m  OK  [0m] Closed LXD - unix socket.
[[0;32m  OK  [0m] Closed D-Bus System Message Bus Socket.
[[0;32m  OK  [0m] Closed ACPID Listen Socket.
[[0;32m  OK  [0m] Closed UUID daemon activation socket.
[[0;32m  OK  [0m] Closed Socket activation for snappy daemon.
[[0;32m  OK  [0m] Closed Syslog Socket.
[[0;32m  OK  [0m] Stopped target Paths.
[[0;32m  OK  [0m] Stopped ACPI Events Check.
[[0;32m  OK  [0m] Stopped target Slices.
[[0;32m  OK  [0m] Removed slice User and Session Slice.
[[0;32m  OK  [0m] Stopped target System Initialization.
[[0;32m  OK  [0m] Stopped Commit a transient machine-id on disk.
[[0;32m  OK  [0m] Stopped target Local Encrypted Volumes.
[[0;32m  OK  [0m] Stopped Forward Password Requests to Wall Directory Watch.
[[0;32m  OK  [0m] Stopped Dispatch Password Requests to Console Directory Watch.
         Stopping Update UTMP about System Boot/Shutdown...
         Stopping Load/Save Random Seed...
[[0;32m  OK  [0m] Stopped Update UTMP about System Boot/Shutdown.
[[0;32m  OK  [0m] Stopped Load/Save Random Seed.
[[0;32m  OK  [0m] Stopped Create Volatile Files and Directories.
[[0;32m  OK  [0m] Stopped target Local File Systems.
         Unmounting /run/user/1000...
         Unmounting /vagrant...
[[0;32m  OK  [0m] Unmounted /run/user/1000.
[[0;32m  OK  [0m] Stopped target Swap.
[[0;32m  OK  [0m] Unmounted /vagrant.
[[0;32m  OK  [0m] Reached target Unmount All Filesystems.
[[0;32m  OK  [0m] Stopped target Remote File Systems (Pre).
[[0;32m  OK  [0m] Stopped target Local File Systems (Pre).
         Stopping Monitoring of LVM2 mirrors…ng dmeventd or progress polling...
[[0;32m  OK  [0m] Stopped Create Static Device Nodes in /dev.
[[0;32m  OK  [0m] Stopped target Network is Online.
[[0;32m  OK  [0m] Stopped target Network.
         Stopping Network Service...
[[0;32m  OK  [0m] Stopped Initial cloud-init job (metadata service crawler).
[[0;32m  OK  [0m] Stopped Monitoring of LVM2 mirrors,…sing dmeventd or progress polling.
         Stopping LVM2 metadata daemon...
[[0;32m  OK  [0m] Stopped LVM2 metadata daemon.
[[0;32m  OK  [0m] Stopped Network Service.
[[0;32m  OK  [0m] Stopped Apply Kernel Variables.
[[0;32m  OK  [0m] Stopped Load Kernel Modules.
[[0;32m  OK  [0m] Stopped target Network (Pre).
[[0;32m  OK  [0m] Stopped Initial cloud-init job (pre-networking).
[[0;32m  OK  [0m] Stopped Remount Root and Kernel File Systems.
[[0;32m  OK  [0m] Reached target Shutdown.
[[0;32m  OK  [0m] Reached target Final Step.
         Starting Power-Off...
[ 5269.530551] reboot: Power down
